/home/alex/Sources/i-jetty/src/org/mortbay/ijetty/servlet/DefaultServlet.java:[44,22] cannot find symbol
symbol  : class Resources
location: package android.content

/home/alex/Sources/i-jetty/src/org/mortbay/ijetty/servlet/DefaultServlet.java:[54,12] cannot find symbol
symbol  : class Resources
location: class org.mortbay.ijetty.servlet.DefaultServlet

/home/alex/Sources/i-jetty/src/org/mortbay/ijetty/resource/AndroidFileResource.java:[34,19] cannot find symbol
symbol  : class DateFormat
location: package android.util

/home/alex/Sources/i-jetty/src/org/mortbay/ijetty/servlet/DefaultServlet.java:[347,30] cannot find symbol
symbol  : class Resources
location: class org.mortbay.ijetty.servlet.DefaultServlet

/home/alex/Sources/i-jetty/src/org/mortbay/ijetty/AndroidClassLoader.java:[26,21] package android.dalvik does not exist

/home/alex/Sources/i-jetty/src/org/mortbay/ijetty/AndroidClassLoader.java:[52,24] cannot find symbol
symbol  : class DexFile
location: class org.mortbay.ijetty.AndroidClassLoader

/home/alex/Sources/i-jetty/src/org/mortbay/ijetty/IJettyService.java:[25,22] cannot find symbol
symbol  : class Resources
location: package android.content

/home/alex/Sources/i-jetty/src/org/mortbay/ijetty/IJettyService.java:[49,19] cannot find symbol
symbol  : class Resources
location: class org.mortbay.ijetty.IJettyService

/home/alex/Sources/i-jetty/src/org/mortbay/ijetty/resource/AndroidFileResource.java:[155,23] cannot find symbol
symbol  : variable DateFormat
location: class org.mortbay.ijetty.resource.AndroidFileResource

/home/alex/Sources/i-jetty/src/org/mortbay/ijetty/AndroidClassLoader.java:[61,14] cannot find symbol
symbol  : class DexFile
location: class org.mortbay.ijetty.AndroidClassLoader

/home/alex/Sources/i-jetty/src/org/mortbay/ijetty/AndroidClassLoader.java:[61,45] cannot find symbol
symbol  : class DexFile
location: class org.mortbay.ijetty.AndroidClassLoader

/home/alex/Sources/i-jetty/src/org/mortbay/ijetty/AndroidWebInfConfiguration.java:[52,31] cannot find symbol
symbol  : method addDexFile(java.lang.String)
location: class dalvik.system.PathClassLoader

/home/alex/Sources/i-jetty/src/org/mortbay/ijetty/console/ContactsServlet.java:[193,96] cannot find symbol
symbol  : variable PHOTO
location: interface android.provider.Contacts.PeopleColumns

/home/alex/Sources/i-jetty/src/org/mortbay/ijetty/console/ContactsServlet.java:[196,31] cannot find symbol
symbol  : method first()
location: interface android.database.Cursor

/home/alex/Sources/i-jetty/src/org/mortbay/ijetty/console/ContactsServlet.java:[202,89] cannot find symbol
symbol  : variable PHOTO
location: interface android.provider.Contacts.PeopleColumns

/home/alex/Sources/i-jetty/src/org/mortbay/ijetty/console/ContactsServlet.java:[279,92] cannot find symbol
symbol  : variable TITLE
location: interface android.provider.Contacts.PeopleColumns

/home/alex/Sources/i-jetty/src/org/mortbay/ijetty/console/ContactsServlet.java:[280,94] cannot find symbol
symbol  : variable COMPANY
location: interface android.provider.Contacts.PeopleColumns

/home/alex/Sources/i-jetty/src/org/mortbay/ijetty/console/ContactsServlet.java:[282,92] cannot find symbol
symbol  : variable PHOTO
location: interface android.provider.Contacts.PeopleColumns

/home/alex/Sources/i-jetty/src/org/mortbay/ijetty/console/ContactsServlet.java:[387,51] cannot find symbol
symbol  : variable EMAIL_KIND
location: interface android.provider.Contacts.ContactMethodsColumns

/home/alex/Sources/i-jetty/src/org/mortbay/ijetty/console/ContactsServlet.java:[390,64] cannot find symbol
symbol  : variable EMAIL_KIND_PRIMARY_TYPE
location: interface android.provider.Contacts.ContactMethodsColumns

/home/alex/Sources/i-jetty/src/org/mortbay/ijetty/console/ContactsServlet.java:[400,51] cannot find symbol
symbol  : variable JABBER_IM_KIND
location: interface android.provider.Contacts.ContactMethodsColumns

/home/alex/Sources/i-jetty/src/org/mortbay/ijetty/console/ContactsServlet.java:[407,51] cannot find symbol
symbol  : variable POSTAL_KIND
location: interface android.provider.Contacts.ContactMethodsColumns

/home/alex/Sources/i-jetty/src/org/mortbay/ijetty/console/ContactsServlet.java:[415,51] cannot find symbol
symbol  : variable LOCATION_KIND
location: interface android.provider.Contacts.ContactMethodsColumns

/home/alex/Sources/i-jetty/src/org/mortbay/ijetty/IJettyService.java:[54,19] onCreate() in org.mortbay.ijetty.IJettyService cannot override onCreate() in android.app.Service; attempting to assign weaker access privileges; was public

/home/alex/Sources/i-jetty/src/org/mortbay/ijetty/IJettyService.java:[72,47] cannot find symbol
symbol  : constructor Notification(org.mortbay.ijetty.IJettyService,int,java.lang.CharSequence,long,java.lang.CharSequence,java.lang.CharSequence,android.content.Intent,int,java.lang.CharSequence,android.content.Intent)
location: class android.app.Notification

/home/alex/Sources/i-jetty/src/org/mortbay/ijetty/IJettyService.java:[89,19] onDestroy() in org.mortbay.ijetty.IJettyService cannot override onDestroy() in android.app.Service; attempting to assign weaker access privileges; was public

/home/alex/Sources/i-jetty/src/org/mortbay/ijetty/IJettyService.java:[171,27] cannot find symbol
symbol  : method setAuthenticate(boolean)
location: class org.mortbay.ijetty.AndroidWebAppDeployer

