
Build.BOARD=trout
Build.BRAND=tmobile
Build.CPU_ABI=armeabi
Build.DEVICE=dream
Build.FINGERPRINT=tmobile/kila/dream/trout:1.6/DMD64/21415:user/ota-rel-keys,release-keys
Build.HOST=android-test-15.mtv.corp.google.com
Build.ID=DMD64
Build.MANUFACTURER=HTC
Build.MODEL=T-Mobile G1
Build.PRODUCT=kila
Build.TAGS=test-keys
Build.TYPE=user
Build.USER=android-build
Build.VERSION.RELEASE=1.6
Build.VERSION.SDK_INT=4

.getDeviceModel=T-Mobile G1 [HTC kila]
.getOSVersion=1.6

.getApplicationLabel=Contacts Debug

--Contacts ContentProvider--
Rows of Data=274
Column.count=29
[0] _id
[1] _sync_account
[2] _sync_dirty
[3] _sync_id
[4] _sync_local_id
[5] _sync_time
[6] _sync_version
[7] custom_ringtone
[8] display_name
[9] im_account
[10] im_handle
[11] im_protocol
[12] label
[13] last_time_contacted
[14] mode
[15] name
[16] notes
[17] number
[18] number_key
[19] phonetic_name
[20] primary_email
[21] primary_organization
[22] primary_phone
[23] send_to_voicemail
[24] sort_string
[25] starred
[26] status
[27] times_contacted
[28] type
